<?xml version="1.0" encoding="UTF-8"?>
<testng-results ignored="0" total="1" passed="1" failed="0" skipped="0">
  <reporter-output>
  </reporter-output>
  <suite started-at="2024-09-21T17:05:11 IST" name="Default suite" finished-at="2024-09-21T17:05:55 IST" duration-ms="43999">
    <groups>
    </groups>
    <test started-at="2024-09-21T17:05:11 IST" name="Default test" finished-at="2024-09-21T17:05:55 IST" duration-ms="43999">
      <class name="testCases.HomePageTest">
        <test-method is-config="true" signature="browserConfig()[pri:0, instance:testCases.HomePageTest@7c137fd5]" started-at="2024-09-21T17:05:11 IST" name="browserConfig" finished-at="2024-09-21T17:05:49 IST" duration-ms="37804" status="PASS">
          <reporter-output>
          </reporter-output>
        </test-method> <!-- browserConfig -->
        <test-method is-config="true" signature="init()[pri:0, instance:testCases.HomePageTest@7c137fd5]" started-at="2024-09-21T17:05:49 IST" name="init" finished-at="2024-09-21T17:05:49 IST" duration-ms="99" status="PASS">
          <reporter-output>
          </reporter-output>
        </test-method> <!-- init -->
        <test-method signature="testFillDetailsFromExcel()[pri:0, instance:testCases.HomePageTest@7c137fd5]" started-at="2024-09-21T17:05:49 IST" name="testFillDetailsFromExcel" finished-at="2024-09-21T17:05:54 IST" duration-ms="5164" status="PASS">
          <reporter-output>
          </reporter-output>
        </test-method> <!-- testFillDetailsFromExcel -->
        <test-method is-config="true" signature="closeDriver()[pri:0, instance:testCases.HomePageTest@7c137fd5]" started-at="2024-09-21T17:05:54 IST" name="closeDriver" finished-at="2024-09-21T17:05:55 IST" duration-ms="820" status="PASS">
          <reporter-output>
          </reporter-output>
        </test-method> <!-- closeDriver -->
      </class> <!-- testCases.HomePageTest -->
    </test> <!-- Default test -->
  </suite> <!-- Default suite -->
</testng-results>
