<?xml version="1.0" encoding="UTF-8"?>
<testng-results ignored="0" total="4" passed="4" failed="0" skipped="0">
  <reporter-output>
  </reporter-output>
  <suite started-at="2024-09-22T12:31:37 IST" name="Default suite" finished-at="2024-09-22T12:32:49 IST" duration-ms="71534">
    <groups>
    </groups>
    <test started-at="2024-09-22T12:31:37 IST" name="Default test" finished-at="2024-09-22T12:32:49 IST" duration-ms="71534">
      <class name="testCases.Products_AccountingLinksTest">
        <test-method is-config="true" signature="browserConfig()[pri:0, instance:testCases.Products_AccountingLinksTest@350aac89]" started-at="2024-09-22T12:31:37 IST" name="browserConfig" finished-at="2024-09-22T12:31:46 IST" duration-ms="8440" status="PASS">
          <reporter-output>
          </reporter-output>
        </test-method> <!-- browserConfig -->
        <test-method is-config="true" signature="init()[pri:0, instance:testCases.Products_AccountingLinksTest@350aac89]" started-at="2024-09-22T12:31:46 IST" name="init" finished-at="2024-09-22T12:31:46 IST" duration-ms="17" status="PASS">
          <reporter-output>
          </reporter-output>
        </test-method> <!-- init -->
        <test-method signature="Bill_PayLinkTest()[pri:0, instance:testCases.Products_AccountingLinksTest@350aac89]" started-at="2024-09-22T12:31:46 IST" name="Bill_PayLinkTest" finished-at="2024-09-22T12:31:54 IST" duration-ms="8249" status="PASS">
          <reporter-output>
          </reporter-output>
        </test-method> <!-- Bill_PayLinkTest -->
        <test-method is-config="true" signature="closeDriver()[pri:0, instance:testCases.Products_AccountingLinksTest@350aac89]" started-at="2024-09-22T12:31:54 IST" name="closeDriver" finished-at="2024-09-22T12:31:55 IST" duration-ms="987" status="PASS">
          <reporter-output>
          </reporter-output>
        </test-method> <!-- closeDriver -->
        <test-method is-config="true" signature="browserConfig()[pri:0, instance:testCases.Products_AccountingLinksTest@350aac89]" started-at="2024-09-22T12:31:55 IST" name="browserConfig" finished-at="2024-09-22T12:32:03 IST" duration-ms="8047" status="PASS">
          <reporter-output>
          </reporter-output>
        </test-method> <!-- browserConfig -->
        <test-method is-config="true" signature="init()[pri:0, instance:testCases.Products_AccountingLinksTest@350aac89]" started-at="2024-09-22T12:32:03 IST" name="init" finished-at="2024-09-22T12:32:03 IST" duration-ms="0" status="PASS">
          <reporter-output>
          </reporter-output>
        </test-method> <!-- init -->
        <test-method signature="Budgeting_linksTest()[pri:0, instance:testCases.Products_AccountingLinksTest@350aac89]" started-at="2024-09-22T12:32:03 IST" name="Budgeting_linksTest" finished-at="2024-09-22T12:32:11 IST" duration-ms="8318" status="PASS">
          <reporter-output>
          </reporter-output>
        </test-method> <!-- Budgeting_linksTest -->
        <test-method is-config="true" signature="closeDriver()[pri:0, instance:testCases.Products_AccountingLinksTest@350aac89]" started-at="2024-09-22T12:32:11 IST" name="closeDriver" finished-at="2024-09-22T12:32:12 IST" duration-ms="971" status="PASS">
          <reporter-output>
          </reporter-output>
        </test-method> <!-- closeDriver -->
        <test-method is-config="true" signature="browserConfig()[pri:0, instance:testCases.Products_AccountingLinksTest@350aac89]" started-at="2024-09-22T12:32:12 IST" name="browserConfig" finished-at="2024-09-22T12:32:21 IST" duration-ms="9025" status="PASS">
          <reporter-output>
          </reporter-output>
        </test-method> <!-- browserConfig -->
        <test-method is-config="true" signature="init()[pri:0, instance:testCases.Products_AccountingLinksTest@350aac89]" started-at="2024-09-22T12:32:21 IST" name="init" finished-at="2024-09-22T12:32:21 IST" duration-ms="2" status="PASS">
          <reporter-output>
          </reporter-output>
        </test-method> <!-- init -->
        <test-method signature="General_AccountingLinkTest()[pri:0, instance:testCases.Products_AccountingLinksTest@350aac89]" started-at="2024-09-22T12:32:21 IST" name="General_AccountingLinkTest" finished-at="2024-09-22T12:32:31 IST" duration-ms="9530" status="PASS">
          <reporter-output>
          </reporter-output>
        </test-method> <!-- General_AccountingLinkTest -->
        <test-method is-config="true" signature="closeDriver()[pri:0, instance:testCases.Products_AccountingLinksTest@350aac89]" started-at="2024-09-22T12:32:31 IST" name="closeDriver" finished-at="2024-09-22T12:32:32 IST" duration-ms="989" status="PASS">
          <reporter-output>
          </reporter-output>
        </test-method> <!-- closeDriver -->
        <test-method is-config="true" signature="browserConfig()[pri:0, instance:testCases.Products_AccountingLinksTest@350aac89]" started-at="2024-09-22T12:32:32 IST" name="browserConfig" finished-at="2024-09-22T12:32:40 IST" duration-ms="7763" status="PASS">
          <reporter-output>
          </reporter-output>
        </test-method> <!-- browserConfig -->
        <test-method is-config="true" signature="init()[pri:0, instance:testCases.Products_AccountingLinksTest@350aac89]" started-at="2024-09-22T12:32:40 IST" name="init" finished-at="2024-09-22T12:32:40 IST" duration-ms="1" status="PASS">
          <reporter-output>
          </reporter-output>
        </test-method> <!-- init -->
        <test-method signature="JobCostingLinkTest()[pri:0, instance:testCases.Products_AccountingLinksTest@350aac89]" started-at="2024-09-22T12:32:40 IST" name="JobCostingLinkTest" finished-at="2024-09-22T12:32:48 IST" duration-ms="8158" status="PASS">
          <reporter-output>
          </reporter-output>
        </test-method> <!-- JobCostingLinkTest -->
        <test-method is-config="true" signature="closeDriver()[pri:0, instance:testCases.Products_AccountingLinksTest@350aac89]" started-at="2024-09-22T12:32:48 IST" name="closeDriver" finished-at="2024-09-22T12:32:49 IST" duration-ms="972" status="PASS">
          <reporter-output>
          </reporter-output>
        </test-method> <!-- closeDriver -->
      </class> <!-- testCases.Products_AccountingLinksTest -->
    </test> <!-- Default test -->
  </suite> <!-- Default suite -->
</testng-results>
