<?xml version="1.0" encoding="UTF-8"?>
<!-- Generated by org.testng.reporters.JUnitXMLReporter -->
<testsuite ignored="0" hostname="WL-8YMMFX3" failures="0" tests="4" name="Default test" time="71.534" errors="0" timestamp="2024-09-22T12:32:49 IST">
  <testcase classname="testCases.Products_AccountingLinksTest" name="Bill_PayLinkTest" time="8.249"/>
  <testcase classname="testCases.Products_AccountingLinksTest" name="Budgeting_linksTest" time="8.318"/>
  <testcase classname="testCases.Products_AccountingLinksTest" name="General_AccountingLinkTest" time="9.53"/>
  <testcase classname="testCases.Products_AccountingLinksTest" name="JobCostingLinkTest" time="8.158"/>
</testsuite> <!-- Default test -->
