<?xml version="1.0" encoding="UTF-8"?>
<!-- Generated by org.testng.reporters.JUnitXMLReporter -->
<testsuite ignored="0" hostname="WL-8YMMFX3" failures="0" tests="4" name="Test" time="77.609" errors="0" timestamp="2024-09-22T11:49:14 IST">
  <testcase classname="testCases.SummitRegistrationTest" name="registerForSummitTest" time="16.243"/>
  <testcase classname="testCases.Products_AccountingLinksTest" name="linksTest" time="12.758"/>
  <testcase classname="testCases.HomePageTest" name="isDemoButtonWorks" time="2.394"/>
  <testcase classname="testCases.HomePageTest" name="testFillDetailsFromExcel" time="7.59"/>
</testsuite> <!-- Test -->
